CREATE EXTENSION experiment;
SELECT experiment_palloc();
NOTICE:  mybuff after palloc() = test data
NOTICE:  mybuff after repalloc() = test data
NOTICE:  byffcopy = test data
NOTICE:  fmtstr = This is psprintf() example
 experiment_palloc 
-------------------
 
(1 row)

SELECT experiment_ctxnames();
NOTICE:  ctx->name = ExprContext
NOTICE:  ctx->name = ExecutorState
NOTICE:  ctx->name = MessageContext
NOTICE:  ctx->name = TopMemoryContext
 experiment_ctxnames 
---------------------
 
(1 row)

SELECT experiment_memctx();
NOTICE:  Memory allocated for cb: 56, sizeof(*cb) = 24
NOTICE:  Total memory allocated: 8192
NOTICE:  Calling MemoryContextDelete()...
NOTICE:  reset_callback() called with arg = memctx
NOTICE:  Returning from experiment_memctx() ...
 experiment_memctx 
-------------------
 
(1 row)

\set ON_ERROR_STOP 0
SELECT experiment_tryfinally(fail => true);
NOTICE:  cleaning up
NOTICE:  reset_callback() called with arg = trycatch
ERROR:  oops...
\set ON_ERROR_STOP 1
SELECT experiment_tryfinally(fail => false);
NOTICE:  cleaning up
NOTICE:  reset_callback() called with arg = trycatch
 experiment_tryfinally 
-----------------------
 
(1 row)

DROP EXTENSION experiment;
